<?xml version="1.0" encoding="UTF-8"?>
<testng-results ignored="0" total="1" passed="1" failed="0" skipped="0">
  <reporter-output>
  </reporter-output>
  <suite started-at="2022-10-06T12:57:55 IST" name="Default suite" finished-at="2022-10-06T12:58:02 IST" duration-ms="7565">
    <groups>
    </groups>
    <test started-at="2022-10-06T12:57:55 IST" name="Default test" finished-at="2022-10-06T12:58:02 IST" duration-ms="7565">
      <class name="com.nagarro.salesforce.utopia.testcases.LoginFreeCRM">
        <test-method is-config="true" signature="setup()[pri:0, instance:com.nagarro.salesforce.utopia.testcases.LoginFreeCRM@4ce7fffa]" started-at="2022-10-06T12:57:55 IST" name="setup" finished-at="2022-10-06T12:57:59 IST" duration-ms="3964" status="PASS">
          <reporter-output>
          </reporter-output>
        </test-method> <!-- setup -->
        <test-method signature="appLogin()[pri:0, instance:com.nagarro.salesforce.utopia.testcases.LoginFreeCRM@4ce7fffa]" started-at="2022-10-06T12:57:59 IST" name="appLogin" finished-at="2022-10-06T12:58:02 IST" duration-ms="3079" status="PASS">
          <reporter-output>
          </reporter-output>
        </test-method> <!-- appLogin -->
        <test-method is-config="true" signature="teardown()[pri:0, instance:com.nagarro.salesforce.utopia.testcases.LoginFreeCRM@4ce7fffa]" started-at="2022-10-06T12:58:02 IST" name="teardown" finished-at="2022-10-06T12:58:02 IST" duration-ms="434" status="PASS">
          <reporter-output>
          </reporter-output>
        </test-method> <!-- teardown -->
      </class> <!-- com.nagarro.salesforce.utopia.testcases.LoginFreeCRM -->
    </test> <!-- Default test -->
  </suite> <!-- Default suite -->
</testng-results>
