<?xml version="1.0" encoding="UTF-8"?>
<testsuite xmlns:xsi="http://www.w3.org/2001/XMLSchema-instance" xsi:noNamespaceSchemaLocation="https://maven.apache.org/surefire/maven-surefire-plugin/xsd/surefire-test-report.xsd" name="TestSuite" time="0.75" tests="8" errors="0" skipped="0" failures="4">
  <properties>
[...]
</properties>
  <testcase name="test_case_method1" classname="com.nagarro.salesforce.utopia.basic.tests.TestCases1" time="0.085">
    <failure type="java.lang.AssertionError:">java.lang.AssertionError: 
	at com.nagarro.salesforce.utopia.basic.tests.TestCases1.test_case_method1(TestCases1.java:10)
</failure>
    <system-err><![CDATA[SLF4J: Failed to load class "org.slf4j.impl.StaticLoggerBinder".
SLF4J: Defaulting to no-operation (NOP) logger implementation
SLF4J: See http://www.slf4j.org/codes.html#StaticLoggerBinder for further details.
]]></system-err>
  </testcase>
  <testcase name="test_case_method2" classname="com.nagarro.salesforce.utopia.basic.tests.TestCases1" time="0.008">
    <failure message="This should be failed: explicit case" type="java.lang.AssertionError">java.lang.AssertionError: This should be failed: explicit case
	at com.nagarro.salesforce.utopia.basic.tests.TestCases1.test_case_method2(TestCases1.java:14)
</failure>
  </testcase>
  <testcase name="test_case_method3" classname="com.nagarro.salesforce.utopia.basic.tests.TestCases1" time="0.003"/>
  <testcase name="test_case_method4" classname="com.nagarro.salesforce.utopia.basic.tests.TestCases1" time="0"/>
  <testcase name="test_case2_method1" classname="com.nagarro.salesforce.utopia.basic.tests.TestCases2" time="0.043">
    <failure type="java.lang.AssertionError:">java.lang.AssertionError: 
	at com.nagarro.salesforce.utopia.basic.tests.TestCases2.test_case2_method1(TestCases2.java:9)
</failure>
  </testcase>
  <testcase name="test_case2_method2" classname="com.nagarro.salesforce.utopia.basic.tests.TestCases2" time="0">
    <failure message="This should be failed: explicit case" type="java.lang.AssertionError">java.lang.AssertionError: This should be failed: explicit case
	at com.nagarro.salesforce.utopia.basic.tests.TestCases2.test_case2_method2(TestCases2.java:13)
</failure>
  </testcase>
  <testcase name="test_case2_method3" classname="com.nagarro.salesforce.utopia.basic.tests.TestCases2" time="0"/>
  <testcase name="test_case2_method4" classname="com.nagarro.salesforce.utopia.basic.tests.TestCases2" time="0.011"/>
</testsuite>